<?xml version="1.0" encoding="UTF-8"?>
<testsuite xmlns:xsi="http://www.w3.org/2001/XMLSchema-instance" xsi:noNamespaceSchemaLocation="https://maven.apache.org/surefire/maven-surefire-plugin/xsd/surefire-test-report-3.0.xsd" version="3.0" name="id.dana.paymentgateway.CancelOrderTest" time="122.874" tests="13" errors="1" skipped="0" failures="0">
  <properties>
[...]
</properties>
  <testcase name="testCancelOrderTimeout" classname="id.dana.paymentgateway.CancelOrderTest" time="0.051">
    <system-out><![CDATA[14:09:11.102 [main] INFO id.dana.util.TestUtil -- Processing response 
expected data: 
{"responseCode":"5005701","responseMessage":"Internal Server Error"}
14:09:11.103 [main] INFO id.dana.util.TestUtil -- Assertion passed: API response matches the expected data {"responseCode":"5005701","responseMessage":"Internal Server Error"}
]]></system-out>
  </testcase>
  <testcase name="testCancelOrderWithInsufficientFunds" classname="id.dana.paymentgateway.CancelOrderTest" time="0.039">
    <system-out><![CDATA[14:09:11.142 [main] INFO id.dana.util.TestUtil -- Processing response 
expected data: 
{"responseCode":"4035714","responseMessage":"Insufficient Funds"}
14:09:11.143 [main] INFO id.dana.util.TestUtil -- Assertion passed: API response matches the expected data {"responseCode":"4035714","responseMessage":"Insufficient Funds"}
]]></system-out>
  </testcase>
  <testcase name="testCancelOrderUnauthorized" classname="id.dana.paymentgateway.CancelOrderTest" time="0.13">
    <system-out><![CDATA[14:09:11.274 [main] INFO id.dana.util.TestUtil -- Processing response 
expected data: 
{"responseCode":"4015700","responseMessage":"Unauthorized. Invalid Signature"}
14:09:11.274 [main] INFO id.dana.util.TestUtil -- Assertion passed: API response matches the expected data {"responseCode":"4015700","responseMessage":"Unauthorized. Invalid Signature"}
]]></system-out>
  </testcase>
  <testcase name="testCancelOrderTransactionNotFound" classname="id.dana.paymentgateway.CancelOrderTest" time="0.051">
    <system-out><![CDATA[14:09:11.323 [main] INFO id.dana.util.TestUtil -- Processing response 
expected data: 
{"responseCode":"4045701","responseMessage":"Transaction Not Found"}
14:09:11.324 [main] INFO id.dana.util.TestUtil -- Assertion passed: API response matches the expected data {"responseCode":"4045701","responseMessage":"Transaction Not Found"}
]]></system-out>
  </testcase>
  <testcase name="testCancelOrderWithMerchantStatusAbnormal" classname="id.dana.paymentgateway.CancelOrderTest" time="0.036">
    <system-out><![CDATA[14:09:11.362 [main] INFO id.dana.util.TestUtil -- Processing response 
expected data: 
{"responseCode":"4045708","responseMessage":"Invalid Merchant"}
14:09:11.362 [main] INFO id.dana.util.TestUtil -- Assertion passed: API response matches the expected data {"responseCode":"4045708","responseMessage":"Invalid Merchant"}
]]></system-out>
  </testcase>
  <testcase name="testCancelOrderInvalidMandatoryField" classname="id.dana.paymentgateway.CancelOrderTest" time="0.134">
    <system-out><![CDATA[14:09:11.497 [main] INFO id.dana.util.TestUtil -- Processing response 
expected data: 
{"responseCode":"4005702","responseMessage":"Invalid Mandatory Field X-TIMESTAMP"}
14:09:11.497 [main] INFO id.dana.util.TestUtil -- Assertion passed: API response matches the expected data {"responseCode":"4005702","responseMessage":"Invalid Mandatory Field X-TIMESTAMP"}
]]></system-out>
  </testcase>
  <testcase name="testCancelOrderValid" classname="id.dana.paymentgateway.CancelOrderTest" time="0.177">
    <system-out><![CDATA[14:09:11.675 [main] INFO id.dana.util.TestUtil -- Processing response 
expected data: 
{"responseCode":"2005700","responseMessage":"Success"}
14:09:11.675 [main] INFO id.dana.util.TestUtil -- Assertion passed: API response matches the expected data {"responseCode":"2005700","responseMessage":"Success"}
]]></system-out>
  </testcase>
  <testcase name="testCancelOrderInProgress" classname="id.dana.paymentgateway.CancelOrderTest" time="0.035">
    <system-out><![CDATA[14:09:11.712 [main] INFO id.dana.util.TestUtil -- Processing response 
expected data: 
{"responseCode":"2025700","responseMessage":"Request In Progress"}
14:09:11.712 [main] INFO id.dana.util.TestUtil -- Assertion passed: API response matches the expected data {"responseCode":"2025700","responseMessage":"Request In Progress"}
]]></system-out>
  </testcase>
  <testcase name="testCancelOrderWithUserStatusAbnormal" classname="id.dana.paymentgateway.CancelOrderTest" time="0.039">
    <system-out><![CDATA[14:09:11.752 [main] INFO id.dana.util.TestUtil -- Processing response 
expected data: 
{"responseCode":"4035705","responseMessage":"Do Not Honor"}
14:09:11.752 [main] INFO id.dana.util.TestUtil -- Assertion passed: API response matches the expected data {"responseCode":"4035705","responseMessage":"Do Not Honor"}
]]></system-out>
  </testcase>
  <testcase name="testCancelOrderInvalidTransactionStatus" classname="id.dana.paymentgateway.CancelOrderTest" time="121.769">
    <error message="Error {&#10;  message=&apos;Timeout 30000ms exceeded.&#10;  name=&apos;TimeoutError&#10;  stack=&apos;TimeoutError: Timeout 30000ms exceeded.&#10;    at ProgressController.run (/private/var/folders/wd/sp4_8lk50lq_9cbtc4l8jtrjjq6rj9/T/playwright-java-4383588387874026000/package/lib/server/progress.js:76:26)&#10;    at Frame.click (/private/var/folders/wd/sp4_8lk50lq_9cbtc4l8jtrjjq6rj9/T/playwright-java-4383588387874026000/package/lib/server/frames.js:991:23)&#10;    at FrameDispatcher.click (/private/var/folders/wd/sp4_8lk50lq_9cbtc4l8jtrjjq6rj9/T/playwright-java-4383588387874026000/package/lib/server/dispatchers/frameDispatcher.js:117:30)&#10;    at FrameDispatcher._handleCommand (/private/var/folders/wd/sp4_8lk50lq_9cbtc4l8jtrjjq6rj9/T/playwright-java-4383588387874026000/package/lib/server/dispatchers/dispatcher.js:94:40)&#10;    at DispatcherConnection.dispatch (/private/var/folders/wd/sp4_8lk50lq_9cbtc4l8jtrjjq6rj9/T/playwright-java-4383588387874026000/package/lib/server/dispatchers/dispatcher.js:307:39)&#10;}&#10;Call log:&#10;-   - waiting for locator(&quot;//*[contains(@class,\&quot;btn-pay\&quot;)]&quot;)&#10;" type="com.microsoft.playwright.TimeoutError"><![CDATA[com.microsoft.playwright.TimeoutError: 
Error {
  message='Timeout 30000ms exceeded.
  name='TimeoutError
  stack='TimeoutError: Timeout 30000ms exceeded.
    at ProgressController.run (/private/var/folders/wd/sp4_8lk50lq_9cbtc4l8jtrjjq6rj9/T/playwright-java-4383588387874026000/package/lib/server/progress.js:76:26)
    at Frame.click (/private/var/folders/wd/sp4_8lk50lq_9cbtc4l8jtrjjq6rj9/T/playwright-java-4383588387874026000/package/lib/server/frames.js:991:23)
    at FrameDispatcher.click (/private/var/folders/wd/sp4_8lk50lq_9cbtc4l8jtrjjq6rj9/T/playwright-java-4383588387874026000/package/lib/server/dispatchers/frameDispatcher.js:117:30)
    at FrameDispatcher._handleCommand (/private/var/folders/wd/sp4_8lk50lq_9cbtc4l8jtrjjq6rj9/T/playwright-java-4383588387874026000/package/lib/server/dispatchers/dispatcher.js:94:40)
    at DispatcherConnection.dispatch (/private/var/folders/wd/sp4_8lk50lq_9cbtc4l8jtrjjq6rj9/T/playwright-java-4383588387874026000/package/lib/server/dispatchers/dispatcher.js:307:39)
}
Call log:
-   - waiting for locator("//*[contains(@class,\"btn-pay\")]")

	at com.microsoft.playwright.impl.WaitableResult.get(WaitableResult.java:52)
	at com.microsoft.playwright.impl.ChannelOwner.runUntil(ChannelOwner.java:132)
	at com.microsoft.playwright.impl.Connection.sendMessage(Connection.java:130)
	at com.microsoft.playwright.impl.ChannelOwner.sendMessage(ChannelOwner.java:118)
	at com.microsoft.playwright.impl.FrameImpl.clickImpl(FrameImpl.java:252)
	at com.microsoft.playwright.impl.FrameImpl.lambda$click$8(FrameImpl.java:243)
	at com.microsoft.playwright.impl.LoggingSupport.lambda$withLogging$0(LoggingSupport.java:36)
	at com.microsoft.playwright.impl.LoggingSupport.withLogging(LoggingSupport.java:47)
	at com.microsoft.playwright.impl.ChannelOwner.withLogging(ChannelOwner.java:97)
	at com.microsoft.playwright.impl.LoggingSupport.withLogging(LoggingSupport.java:35)
	at com.microsoft.playwright.impl.FrameImpl.click(FrameImpl.java:243)
	at com.microsoft.playwright.impl.LocatorImpl.click(LocatorImpl.java:174)
	at com.microsoft.playwright.Locator.click(Locator.java:2513)
	at id.dana.paymentgateway.PaymentPGUtil.payOrder(PaymentPGUtil.java:58)
	at id.dana.paymentgateway.CancelOrderTest.payOrder(CancelOrderTest.java:299)
	at id.dana.paymentgateway.CancelOrderTest.refundOrder(CancelOrderTest.java:281)
	at id.dana.paymentgateway.CancelOrderTest.testCancelOrderInvalidTransactionStatus(CancelOrderTest.java:230)
	at java.lang.reflect.Method.invoke(Method.java:498)
	at java.util.ArrayList.forEach(ArrayList.java:1259)
	at java.util.ArrayList.forEach(ArrayList.java:1259)
Caused by: com.microsoft.playwright.TimeoutError: Error {
  message='Timeout 30000ms exceeded.
  name='TimeoutError
  stack='TimeoutError: Timeout 30000ms exceeded.
    at ProgressController.run (/private/var/folders/wd/sp4_8lk50lq_9cbtc4l8jtrjjq6rj9/T/playwright-java-4383588387874026000/package/lib/server/progress.js:76:26)
    at Frame.click (/private/var/folders/wd/sp4_8lk50lq_9cbtc4l8jtrjjq6rj9/T/playwright-java-4383588387874026000/package/lib/server/frames.js:991:23)
    at FrameDispatcher.click (/private/var/folders/wd/sp4_8lk50lq_9cbtc4l8jtrjjq6rj9/T/playwright-java-4383588387874026000/package/lib/server/dispatchers/frameDispatcher.js:117:30)
    at FrameDispatcher._handleCommand (/private/var/folders/wd/sp4_8lk50lq_9cbtc4l8jtrjjq6rj9/T/playwright-java-4383588387874026000/package/lib/server/dispatchers/dispatcher.js:94:40)
    at DispatcherConnection.dispatch (/private/var/folders/wd/sp4_8lk50lq_9cbtc4l8jtrjjq6rj9/T/playwright-java-4383588387874026000/package/lib/server/dispatchers/dispatcher.js:307:39)
}
Call log:
-   - waiting for locator("//*[contains(@class,\"btn-pay\")]")

	at com.microsoft.playwright.impl.Connection.dispatch(Connection.java:254)
	at com.microsoft.playwright.impl.Connection.processOneMessage(Connection.java:211)
	at com.microsoft.playwright.impl.ChannelOwner.runUntil(ChannelOwner.java:130)
	... 18 more
]]></error>
    <system-out><![CDATA[14:09:17.040 [main] INFO id.dana.paymentgateway.CreateOrderTest -- Redirect to page payment: https://m.sandbox.dana.id/n/cashier/new/checkout?bizNo=20250805111212800110166722302205418&timestamp=1754377752241&originSourcePlatform=IPG&mid=216620010016033632482&sign=dHjGb%2FBBGBpREPgAnmZqWJjil%2Fp0Z2BZxy8z9ed%2BAZAC2Q6dVSMrpxbctKdH%2Bfv5pFEDHVZ9CRQ4XP8FvXwx4g7YZcO7o80sXjePqIvCsacr9LgtKusteM7%2FVcnRE4Dqc%2B0TmN7dCWzXG6fVAiskCvtXjrxFTYkDN7yIqnYBiWOqSe20h00PwZNpz9HHc67kNvEIP4bpHkUfiIUjWXtG6lyzbiiu%2FFMKRyPDZI61kzl5k52PqOgXgidshDKsEjb4KBI1GoP3ezpMCPwwffcUTIz1W82xfkqJz8iL%2BibkZB407TxOLgbVh%2FetMZ8WE%2BggZI006Wuq3jckv0B8dxogRA%3D%3D&forceToH5=false&newRegistrationPage=true
14:09:18.096 [main] INFO id.dana.paymentgateway.CreateOrderTest -- Input phone number: 0811742234 and pin: 123321
14:09:21.750 [main] INFO id.dana.paymentgateway.CreateOrderTest -- Click button pay
14:09:52.273 [main] WARN id.dana.util.RetryTestUtil -- Test 'testCancelOrderInvalidTransactionStatus' failed (attempt 1/3). Retrying in 1000 ms...
14:09:57.198 [main] INFO id.dana.paymentgateway.CreateOrderTest -- Redirect to page payment: https://m.sandbox.dana.id/n/cashier/new/checkout?bizNo=20250805111212800110166442802235083&timestamp=1754377793726&originSourcePlatform=IPG&mid=216620010016033632482&sign=J5RwxQUzVXEo21ewlC%2BZdSDTfStTya9f4S8vzDci14aIi453v4KQGQKaauQi8BidkxiykWh2XaHPD4dIeu19OGoKPXYL0%2BPO%2B0rnfn9MKzgLyxFix6%2B47YoJH44Y3q%2Fy0LmbGQ6voE%2FahGCOGxgNFu51h%2FdiGTVAJBeYNpBgwlx8rdGJiUP28hAfANXbzRrIRjvASYg0abl6cERy5R%2Be4lXtpR8THswJbE1NA7iRK4qtm8fJmWia0Nybp6ciEukPSDZ4dfjIEUElwIKUStP1yMCmD1ynrp9nEHX3J4qxwIy4BX9IBmnwELk2AWowxdVI7uDPGvjfM0xMW0hLjPQgGA%3D%3D&forceToH5=false&newRegistrationPage=true
14:09:59.713 [main] INFO id.dana.paymentgateway.CreateOrderTest -- Input phone number: 0811742234 and pin: 123321
14:10:02.028 [main] INFO id.dana.paymentgateway.CreateOrderTest -- Click button pay
14:10:32.468 [main] WARN id.dana.util.RetryTestUtil -- Test 'testCancelOrderInvalidTransactionStatus' failed (attempt 2/3). Retrying in 1000 ms...
14:10:37.684 [main] INFO id.dana.paymentgateway.CreateOrderTest -- Redirect to page payment: https://m.sandbox.dana.id/n/cashier/new/checkout?bizNo=20250805111212800110166306702213391&timestamp=1754377833910&originSourcePlatform=IPG&mid=216620010016033632482&sign=cUBd2stsM9jNyyEimFFS6FzOyUl%2B2UBz8jasbWqqet1F%2FuhSAdmB78dKmaELnGV%2F23MX%2B4Aj%2B%2FcsZss%2F8QuJv9EDtFPwkRI2RZrZhIIrE3Q5QJM18p3Qq%2FSkayih7X%2FHbp9Q7OAwsfYLe%2F23lNShV1PFal1DwVq8Y7qQpppjFB7ewBeWGstR3MP%2FYqJMJTvCTy4phhMpKdmIpKDSu525EZMZwlkSqiXQUUgPbHiiaff9hXb0cCv4TvLMhQx4tPYOWFhGo%2F08BKBc3nQwWTdtxH7RIbDF3Lw94sIcsxbauZXMRH4h0QVWAYetzS3WHt5byUnQ1O2dBJvkJONog6W7Cw%3D%3D&forceToH5=false&newRegistrationPage=true
14:10:40.184 [main] INFO id.dana.paymentgateway.CreateOrderTest -- Input phone number: 0811742234 and pin: 123321
14:10:43.070 [main] INFO id.dana.paymentgateway.CreateOrderTest -- Click button pay
14:11:13.516 [main] ERROR id.dana.util.RetryTestUtil -- Test 'testCancelOrderInvalidTransactionStatus' failed after 3 attempts
]]></system-out>
  </testcase>
  <testcase name="testCancelOrderWithExpiredTransaction" classname="id.dana.paymentgateway.CancelOrderTest" time="0.038">
    <system-out><![CDATA[14:11:13.560 [main] INFO id.dana.util.TestUtil -- Processing response 
expected data: 
{"responseCode":"4035700","responseMessage":"Transaction Expired"}
14:11:13.560 [main] INFO id.dana.util.TestUtil -- Assertion passed: API response matches the expected data {"responseCode":"4035700","responseMessage":"Transaction Expired"}
]]></system-out>
  </testcase>
  <testcase name="testCancelOrderWithAccountStatusAbnormal" classname="id.dana.paymentgateway.CancelOrderTest" time="0.038">
    <system-out><![CDATA[14:11:13.599 [main] INFO id.dana.util.TestUtil -- Processing response 
expected data: 
{"responseCode":"4035705","responseMessage":"Do Not Honor"}
14:11:13.599 [main] INFO id.dana.util.TestUtil -- Assertion passed: API response matches the expected data {"responseCode":"4035705","responseMessage":"Do Not Honor"}
]]></system-out>
  </testcase>
  <testcase name="testCancelOrderWithAgreementNotAllowed" classname="id.dana.paymentgateway.CancelOrderTest" time="0.034">
    <system-out><![CDATA[14:11:13.634 [main] INFO id.dana.util.TestUtil -- Processing response 
expected data: 
{"responseCode":"4035715","responseMessage":"Transaction Not Permitted"}
14:11:13.634 [main] INFO id.dana.util.TestUtil -- Assertion passed: API response matches the expected data {"responseCode":"4035715","responseMessage":"Transaction Not Permitted"}
]]></system-out>
  </testcase>
</testsuite>