<?xml version="1.0" encoding="UTF-8"?>
<testsuite xmlns:xsi="http://www.w3.org/2001/XMLSchema-instance" xsi:noNamespaceSchemaLocation="https://maven.apache.org/surefire/maven-surefire-plugin/xsd/surefire-test-report-3.0.xsd" version="3.0" name="id.dana.paymentgateway.CreateOrderTest" time="3.034" tests="9" errors="0" skipped="1" failures="0">
  <properties>
[...]
</properties>
  <testcase name="testCreateOrderNetworkPayPgQris" classname="id.dana.paymentgateway.CreateOrderTest" time="0.0">
    <skipped message="void id.dana.paymentgateway.CreateOrderTest.testCreateOrderNetworkPayPgQris() is @Disabled"/>
  </testcase>
  <testcase name="testCreateOrderUnauthorized" classname="id.dana.paymentgateway.CreateOrderTest" time="0.248">
    <system-out><![CDATA[14:11:13.901 [main] INFO id.dana.util.TestUtil -- Processing error response 
expected data: 
{"responseMessage":"Unauthorized. Invalid Signature","responseCode":"4015400"}
14:11:13.902 [main] INFO id.dana.util.TestUtil -- Assertion passed: API error response matches the expected data {"responseMessage":"Unauthorized. Invalid Signature","responseCode":"4015400"}
]]></system-out>
  </testcase>
  <testcase name="testCreateOrderInvalidFieldFormat" classname="id.dana.paymentgateway.CreateOrderTest" time="0.045">
    <system-out><![CDATA[14:11:13.946 [main] INFO id.dana.util.TestUtil -- Processing error response 
expected data: 
{"partnerReferenceNo":"d31812d5-fb0c-4bcc-918d-100f12ee924e","responseCode":"4005401","responseMessage":"Invalid Field Format amount"}
14:11:13.947 [main] INFO id.dana.util.TestUtil -- Assertion passed: API error response matches the expected data {"partnerReferenceNo":"d31812d5-fb0c-4bcc-918d-100f12ee924e","responseCode":"4005401","responseMessage":"Invalid Field Format amount"}
]]></system-out>
  </testcase>
  <testcase name="testCreateOrderApi" classname="id.dana.paymentgateway.CreateOrderTest" time="0.278">
    <system-out><![CDATA[14:11:14.225 [main] INFO id.dana.util.TestUtil -- Processing response 
expected data: 
{"responseCode":"2005400","responseMessage":"Successful"}
14:11:14.226 [main] INFO id.dana.util.TestUtil -- Assertion passed: API response matches the expected data {"responseCode":"2005400","responseMessage":"Successful"}
]]></system-out>
  </testcase>
  <testcase name="testCreateOrderRedirect" classname="id.dana.paymentgateway.CreateOrderTest" time="0.127">
    <system-out><![CDATA[14:11:14.356 [main] INFO id.dana.util.TestUtil -- Processing response 
expected data: 
{"responseCode":"2005400","responseMessage":"Successful"}
14:11:14.356 [main] INFO id.dana.util.TestUtil -- Assertion passed: API response matches the expected data {"responseCode":"2005400","responseMessage":"Successful"}
]]></system-out>
  </testcase>
  <testcase name="testCreateOrderNetworkPayPgOtherVaBank" classname="id.dana.paymentgateway.CreateOrderTest" time="0.978">
    <system-out><![CDATA[14:11:15.334 [main] INFO id.dana.util.TestUtil -- Processing response 
expected data: 
{"responseCode":"2005400","responseMessage":"Successful","referenceNo":"${valueFromServer}","partnerReferenceNo":"3c5bf3f3-2f2d-4a08-9e07-b9756709b09a","additionalInfo":{"paymentCode":"${valueFromServer}"}}
14:11:15.335 [main] INFO id.dana.util.TestUtil -- Assertion passed: API response matches the expected data {"responseCode":"2005400","responseMessage":"Successful","referenceNo":"${valueFromServer}","partnerReferenceNo":"3c5bf3f3-2f2d-4a08-9e07-b9756709b09a","additionalInfo":{"paymentCode":"${valueFromServer}"}}
]]></system-out>
  </testcase>
  <testcase name="testCreateOrderNetworkPayPgOtherWallet" classname="id.dana.paymentgateway.CreateOrderTest" time="0.245">
    <system-out><![CDATA[14:11:15.580 [main] INFO id.dana.util.TestUtil -- Processing response 
expected data: 
{"responseCode":"2005400","responseMessage":"Successful"}
14:11:15.581 [main] INFO id.dana.util.TestUtil -- Assertion passed: API response matches the expected data {"responseCode":"2005400","responseMessage":"Successful"}
14:11:15.581 [main] INFO id.dana.paymentgateway.CreateOrderTest -- ✓ Wallet test passed successfully
]]></system-out>
  </testcase>
  <testcase name="testCreateOrderInvalidMandatoryField" classname="id.dana.paymentgateway.CreateOrderTest" time="0.125">
    <system-out><![CDATA[14:11:15.706 [main] INFO id.dana.util.TestUtil -- Processing error response 
expected data: 
{"responseCode":"4005402","responseMessage":"Invalid Mandatory Field X-TIMESTAMP"}
14:11:15.707 [main] INFO id.dana.util.TestUtil -- Assertion passed: API error response matches the expected data {"responseCode":"4005402","responseMessage":"Invalid Mandatory Field X-TIMESTAMP"}
]]></system-out>
  </testcase>
  <testcase name="testCreateOrderInconsistentRequest" classname="id.dana.paymentgateway.CreateOrderTest" time="0.966">
    <system-out><![CDATA[14:11:16.673 [main] INFO id.dana.util.TestUtil -- Processing error response 
expected data: 
{"partnerReferenceNo":"2ed4e0f1-79df-4a34-a93e-fcb548e5e37c","responseMessage":"Inconsistent Request","responseCode":"4045418"}
14:11:16.674 [main] INFO id.dana.util.TestUtil -- Assertion passed: API error response matches the expected data {"partnerReferenceNo":"2ed4e0f1-79df-4a34-a93e-fcb548e5e37c","responseMessage":"Inconsistent Request","responseCode":"4045418"}
]]></system-out>
  </testcase>
</testsuite>